2022-06-14 19:42:09,968 : INFO--accept connection from 38:00:25:F5:78:81
2022-06-14 19:42:30,921 : INFO--accept connection from 38:00:25:F5:78:81
2022-06-14 19:42:31,108 : INFO--recv file head from 38:00:25:F5:78:81, checking its digital sign
2022-06-14 19:42:31,304 : INFO--recved file head
2022-06-14 19:42:31,304 : INFO--recv file succeed
2022-06-14 19:42:31,485 : INFO--recv file head from 38:00:25:F5:78:81, checking its digital sign
2022-06-14 19:42:31,633 : INFO--recved file head
2022-06-14 19:44:51,606 : INFO--accept connection from 38:00:25:F5:78:81
2022-06-14 19:44:51,607 : INFO--recv file succeed
2022-06-14 19:44:51,778 : INFO--recv file head from 38:00:25:F5:78:81, checking its digital sign
2022-06-14 19:45:14,513 : INFO--accept connection from 38:00:25:F5:78:81
2022-06-14 19:45:14,676 : INFO--recv file head from 38:00:25:F5:78:81, checking its digital sign
2022-06-14 19:45:14,857 : INFO--recved file head
2022-06-14 19:45:14,858 : INFO--recv file succeed
2022-06-14 19:45:15,061 : INFO--recv file head from 38:00:25:F5:78:81, checking its digital sign
2022-06-14 19:45:15,214 : INFO--recved file head
2022-06-14 19:45:15,215 : INFO--recv file succeed
2022-06-14 19:45:15,215 : INFO--recv file head from 38:00:25:F5:78:81, checking its digital sign
2022-06-14 19:45:15,362 : INFO--recved file head
2022-06-14 19:45:28,019 : INFO--accept connection from 38:00:25:F5:78:81
2022-06-14 19:45:28,021 : INFO--recv file succeed
2022-06-14 19:45:28,177 : INFO--recv file head from 38:00:25:F5:78:81, checking its digital sign
2022-06-14 19:45:31,981 : INFO--accept connection from 38:00:25:F5:78:81
2022-06-14 19:45:32,149 : INFO--recv file head from 38:00:25:F5:78:81, checking its digital sign
2022-06-14 19:45:32,291 : INFO--recved file head
2022-06-14 19:45:32,291 : INFO--recv file succeed
2022-06-14 19:45:32,462 : INFO--recv file head from 38:00:25:F5:78:81, checking its digital sign
2022-06-14 19:45:32,610 : INFO--recved file head
2022-06-14 19:45:32,611 : INFO--recv file succeed
2022-06-14 19:45:32,611 : INFO--recv file head from 38:00:25:F5:78:81, checking its digital sign
2022-06-14 19:45:32,757 : INFO--recved file head
2022-06-14 19:53:19,312 : INFO--accept connection from 38:00:25:F5:78:81
2022-06-14 19:53:19,313 : INFO--recv file succeed
2022-06-14 19:53:19,488 : INFO--recv file head from 38:00:25:F5:78:81, checking its digital sign
2022-06-14 19:53:49,291 : INFO--accept connection from 38:00:25:F5:78:81
2022-06-14 19:53:49,450 : INFO--recv file head from 38:00:25:F5:78:81, checking its digital sign
2022-06-14 19:53:49,650 : INFO--recved file head
2022-06-14 19:53:49,651 : INFO--recv file succeed
2022-06-14 19:53:49,814 : INFO--recv file head from 38:00:25:F5:78:81, checking its digital sign
2022-06-14 19:53:49,955 : INFO--recved file head
2022-06-14 19:53:49,956 : INFO--recv file succeed
2022-06-14 19:53:49,957 : INFO--recv file head from 38:00:25:F5:78:81, checking its digital sign
2022-06-14 19:53:50,108 : INFO--recved file head
2022-06-14 19:54:05,198 : INFO--accept connection from 38:00:25:F5:78:81
2022-06-14 19:54:05,199 : INFO--recv file succeed
2022-06-14 19:54:05,397 : INFO--recv file head from 38:00:25:F5:78:81, checking its digital sign
2022-06-14 19:54:12,985 : INFO--accept connection from 38:00:25:F5:78:81
2022-06-14 19:54:13,149 : INFO--recv file head from 38:00:25:F5:78:81, checking its digital sign
2022-06-14 19:54:13,298 : INFO--recved file head
2022-06-14 19:54:13,298 : INFO--recv file succeed
2022-06-14 19:54:13,490 : INFO--recv file head from 38:00:25:F5:78:81, checking its digital sign
2022-06-14 19:54:13,831 : INFO--recv file head from 38:00:25:F5:78:81, checking its digital sign
2022-06-14 19:54:13,972 : INFO--recved file head
2022-06-14 19:54:13,972 : INFO--recving file
2022-06-14 19:55:23,035 : INFO--accept connection from 38:00:25:F5:78:81
2022-06-14 19:55:23,224 : INFO--recv file head from 38:00:25:F5:78:81, checking its digital sign
2022-06-14 19:55:23,367 : INFO--recved file head
2022-06-14 19:55:23,368 : INFO--recv file succeed
2022-06-14 19:55:23,525 : INFO--recv file head from 38:00:25:F5:78:81, checking its digital sign
2022-06-14 19:55:23,669 : INFO--recved file head
2022-06-14 19:55:23,670 : INFO--recv file succeed
2022-06-14 19:55:23,670 : INFO--recv file head from 38:00:25:F5:78:81, checking its digital sign
2022-06-14 19:55:23,820 : INFO--recved file head
2022-06-14 19:59:54,388 : INFO--accept connection from 38:00:25:F5:78:81
2022-06-14 19:59:54,560 : INFO--recv file head from 38:00:25:F5:78:81, checking its digital sign
2022-06-14 19:59:54,702 : INFO--recved file head
2022-06-14 19:59:54,703 : INFO--recv file succeed
2022-06-14 19:59:54,889 : INFO--recv file head from 38:00:25:F5:78:81, checking its digital sign
2022-06-14 19:59:55,031 : INFO--recved file head
2022-06-14 19:59:55,032 : INFO--recv file succeed
2022-06-14 19:59:55,032 : INFO--recv file head from 38:00:25:F5:78:81, checking its digital sign
2022-06-14 19:59:55,190 : INFO--recved file head
2022-06-14 20:02:40,898 : INFO--accept connection from 38:00:25:F5:78:81
2022-06-14 20:02:41,051 : INFO--recv file head from 38:00:25:F5:78:81, checking its digital sign
2022-06-14 20:02:41,192 : INFO--recved file head
2022-06-14 20:02:41,193 : INFO--recv file succeed
2022-06-14 20:02:41,377 : INFO--recv file head from 38:00:25:F5:78:81, checking its digital sign
2022-06-14 20:02:41,522 : INFO--recved file head
2022-06-14 20:02:41,523 : INFO--recv file succeed
2022-06-14 20:02:41,524 : INFO--recv file head from 38:00:25:F5:78:81, checking its digital sign
2022-06-14 20:02:41,677 : INFO--recved file head
2022-06-14 20:03:16,913 : INFO--accept connection from 38:00:25:F5:78:81
2022-06-14 20:03:17,101 : INFO--recv file head from 38:00:25:F5:78:81, checking its digital sign
2022-06-14 20:03:17,301 : INFO--recved file head
2022-06-14 20:03:17,302 : INFO--recv file succeed
2022-06-14 20:03:17,486 : INFO--recv file head from 38:00:25:F5:78:81, checking its digital sign
2022-06-14 20:03:17,629 : INFO--recved file head
2022-06-14 20:03:17,630 : INFO--recv file succeed
2022-06-14 20:03:17,631 : INFO--recv file head from 38:00:25:F5:78:81, checking its digital sign
2022-06-14 20:03:17,788 : INFO--recved file head
2022-06-14 20:05:36,467 : INFO--accept connection from 38:00:25:F5:78:81
2022-06-14 20:05:36,469 : INFO--recv file succeed
2022-06-14 20:05:36,666 : INFO--recv file head from 38:00:25:F5:78:81, checking its digital sign
2022-06-14 20:05:44,819 : INFO--accept connection from 38:00:25:F5:78:81
2022-06-14 20:05:44,971 : INFO--recv file head from 38:00:25:F5:78:81, checking its digital sign
2022-06-14 20:05:45,113 : INFO--recved file head
2022-06-14 20:05:45,114 : INFO--recv file succeed
2022-06-14 20:05:45,287 : INFO--recv file head from 38:00:25:F5:78:81, checking its digital sign
2022-06-14 20:05:45,435 : INFO--recved file head
2022-06-14 20:05:45,435 : INFO--recv file succeed
2022-06-14 20:05:45,436 : INFO--recv file head from 38:00:25:F5:78:81, checking its digital sign
2022-06-14 20:05:45,584 : INFO--recved file head
2022-06-14 20:12:46,403 : INFO--accept connection from 38:00:25:F5:78:81
2022-06-14 20:12:46,524 : INFO--recv file head from 38:00:25:F5:78:81, checking its digital sign
2022-06-14 20:12:46,669 : INFO--recved file head
2022-06-14 20:12:46,669 : INFO--recv file succeed
2022-06-14 20:12:46,790 : INFO--recv file head from 38:00:25:F5:78:81, checking its digital sign
2022-06-14 20:12:46,937 : INFO--recved file head
2022-06-14 20:12:46,937 : INFO--recv file succeed
2022-06-14 20:12:46,938 : INFO--recv file head from 38:00:25:F5:78:81, checking its digital sign
2022-06-14 20:12:47,085 : INFO--recved file head
2022-06-14 20:14:42,909 : INFO--accept connection from 38:00:25:F5:78:81
2022-06-14 20:14:43,032 : INFO--recv file head from 38:00:25:F5:78:81, checking its digital sign
2022-06-14 20:14:43,195 : INFO--recved file head
2022-06-14 20:14:43,195 : INFO--recv file succeed
2022-06-14 20:14:43,355 : INFO--recv file head from 38:00:25:F5:78:81, checking its digital sign
2022-06-14 20:14:43,498 : INFO--recved file head
2022-06-14 20:14:43,498 : INFO--recv file succeed
2022-06-14 20:14:43,499 : INFO--recv file head from 38:00:25:F5:78:81, checking its digital sign
2022-06-14 20:14:43,645 : INFO--recved file head
2022-06-14 20:16:59,467 : INFO--accept connection from 38:00:25:F5:78:81
2022-06-14 20:16:59,595 : INFO--recv file head from 38:00:25:F5:78:81, checking its digital sign
2022-06-14 20:16:59,783 : INFO--recved file head
2022-06-14 20:16:59,783 : INFO--recv file succeed
2022-06-14 20:16:59,937 : INFO--recv file head from 38:00:25:F5:78:81, checking its digital sign
2022-06-14 20:17:00,085 : INFO--recved file head
2022-06-14 20:17:00,085 : INFO--recv file succeed
2022-06-14 20:17:00,086 : INFO--recv file head from 38:00:25:F5:78:81, checking its digital sign
2022-06-14 20:17:00,229 : INFO--recved file head
2022-06-14 20:23:30,461 : INFO--accept connection from 38:00:25:F5:78:81
2022-06-14 20:23:30,599 : INFO--recv file head from 38:00:25:F5:78:81, checking its digital sign
2022-06-14 20:23:30,802 : INFO--recved file head
2022-06-14 20:23:30,803 : INFO--recv file succeed
2022-06-14 20:23:30,910 : INFO--recv file head from 38:00:25:F5:78:81, checking its digital sign
2022-06-14 20:23:31,055 : INFO--recved file head
2022-06-14 20:23:31,056 : INFO--recv file succeed
2022-06-14 20:23:31,057 : INFO--recv file head from 38:00:25:F5:78:81, checking its digital sign
2022-06-14 20:23:31,201 : INFO--recved file head
2022-06-14 20:33:09,988 : INFO--accept connection from 38:00:25:F5:78:81
2022-06-14 20:33:10,125 : INFO--recv file head from 38:00:25:F5:78:81, checking its digital sign
2022-06-14 20:33:10,266 : INFO--recved file head
2022-06-14 20:33:10,267 : INFO--recv file succeed
2022-06-14 20:33:10,410 : INFO--recv file head from 38:00:25:F5:78:81, checking its digital sign
2022-06-14 20:33:10,552 : INFO--recved file head
2022-06-14 20:33:10,552 : INFO--recv file succeed
2022-06-14 20:33:10,553 : INFO--recv file head from 38:00:25:F5:78:81, checking its digital sign
2022-06-14 20:33:10,733 : INFO--recved file head
2022-06-14 20:34:03,850 : INFO--accept connection from 38:00:25:F5:78:81
2022-06-14 20:34:03,975 : INFO--recv file head from 38:00:25:F5:78:81, checking its digital sign
2022-06-14 20:34:04,119 : INFO--recved file head
2022-06-14 20:34:04,120 : INFO--recv file succeed
2022-06-14 20:34:04,254 : INFO--recv file head from 38:00:25:F5:78:81, checking its digital sign
2022-06-14 20:34:04,398 : INFO--recved file head
2022-06-14 20:34:04,399 : INFO--recv file succeed
2022-06-14 20:34:04,400 : INFO--recv file head from 38:00:25:F5:78:81, checking its digital sign
2022-06-14 20:34:04,542 : INFO--recved file head
2022-06-14 20:36:13,541 : INFO--accept connection from 38:00:25:F5:78:81
2022-06-14 20:36:13,663 : INFO--recv file head from 38:00:25:F5:78:81, checking its digital sign
2022-06-14 20:36:13,886 : INFO--recved file head
2022-06-14 20:36:13,887 : INFO--recv file succeed
2022-06-14 20:36:13,996 : INFO--recv file head from 38:00:25:F5:78:81, checking its digital sign
2022-06-14 20:36:14,136 : INFO--recved file head
2022-06-14 20:36:14,137 : INFO--recv file succeed
2022-06-14 20:36:14,138 : INFO--recv file head from 38:00:25:F5:78:81, checking its digital sign
2022-06-14 20:36:14,284 : INFO--recved file head
2022-06-14 20:40:30,888 : INFO--accept connection from 38:00:25:F5:78:81
2022-06-14 20:40:30,889 : INFO--recv file succeed
2022-06-14 20:40:31,026 : INFO--recv file head from 38:00:25:F5:78:81, checking its digital sign
2022-06-14 20:42:02,669 : INFO--accept connection from 38:00:25:F5:78:81
2022-06-14 20:42:02,799 : INFO--recv file head from 38:00:25:F5:78:81, checking its digital sign
2022-06-14 20:42:03,002 : INFO--recved file head
2022-06-14 20:42:03,003 : INFO--recv file succeed
2022-06-14 20:42:03,123 : INFO--recv file head from 38:00:25:F5:78:81, checking its digital sign
2022-06-14 20:42:03,266 : INFO--recved file head
2022-06-14 20:42:36,583 : INFO--accept connection from 38:00:25:F5:78:81
2022-06-14 20:42:36,716 : INFO--recv file head from 38:00:25:F5:78:81, checking its digital sign
2022-06-14 20:42:36,856 : INFO--recved file head
2022-06-14 20:42:36,857 : INFO--recv file succeed
2022-06-14 20:42:37,008 : INFO--recv file head from 38:00:25:F5:78:81, checking its digital sign
2022-06-14 20:42:37,148 : INFO--recved file head
2022-06-14 20:42:37,149 : INFO--recv file succeed
2022-06-14 20:42:37,150 : INFO--recv file head from 38:00:25:F5:78:81, checking its digital sign
2022-06-14 20:42:37,309 : INFO--recved file head
2022-06-14 21:20:39,869 : INFO--accept connection from 38:00:25:F5:78:81
2022-06-14 21:20:40,006 : INFO--recv file head from 38:00:25:F5:78:81, checking its digital sign
2022-06-14 21:20:40,151 : INFO--recved file head
2022-06-14 21:20:40,151 : INFO--recv file succeed
2022-06-14 21:20:40,287 : INFO--recv file head from 38:00:25:F5:78:81, checking its digital sign
2022-06-14 21:20:40,488 : INFO--recved file head
2022-06-14 21:20:40,488 : INFO--recv file succeed
2022-06-14 21:20:40,489 : INFO--recv file head from 38:00:25:F5:78:81, checking its digital sign
2022-06-14 21:20:40,641 : INFO--recved file head
2022-06-14 21:23:33,434 : INFO--accept connection from 38:00:25:F5:78:81
2022-06-14 21:24:01,371 : INFO--accept connection from 38:00:25:F5:78:81
2022-06-14 21:24:33,291 : INFO--accept connection from 38:00:25:F5:78:81
2022-06-14 21:24:33,514 : INFO--recv file head from 38:00:25:F5:78:81, checking its digital sign
2022-06-14 21:24:33,711 : INFO--recved file head
2022-06-14 21:24:33,712 : INFO--recving file
2022-06-14 21:24:33,738 : INFO--recving file
2022-06-14 21:24:33,742 : INFO--recving file
2022-06-14 21:24:33,744 : INFO--recv file succeed
2022-06-14 21:24:33,777 : INFO--recv file head from 38:00:25:F5:78:81, checking its digital sign
2022-06-14 21:24:33,917 : INFO--recved file head
2022-06-14 21:24:33,917 : INFO--recving file
2022-06-14 21:25:39,911 : INFO--accept connection from 38:00:25:F5:78:81
2022-06-14 21:25:40,140 : INFO--recv file head from 38:00:25:F5:78:81, checking its digital sign
2022-06-14 21:25:40,281 : INFO--recved file head
2022-06-14 21:25:40,281 : INFO--recving file
2022-06-14 21:25:40,324 : INFO--recving file
2022-06-14 21:25:40,326 : INFO--recving file
2022-06-14 21:25:40,351 : INFO--recv file succeed
2022-06-14 21:25:40,400 : INFO--recv file head from 38:00:25:F5:78:81, checking its digital sign
2022-06-14 21:25:40,540 : INFO--recved file head
2022-06-14 21:25:40,540 : INFO--recving file
2022-06-14 21:25:57,181 : INFO--accept connection from 38:00:25:F5:78:81
2022-06-14 21:25:57,402 : INFO--recv file head from 38:00:25:F5:78:81, checking its digital sign
2022-06-14 21:25:57,593 : INFO--recved file head
2022-06-14 21:25:57,594 : INFO--recving file
2022-06-14 21:25:57,632 : INFO--recving file
2022-06-14 21:25:57,634 : INFO--recving file
2022-06-14 21:25:57,659 : INFO--recv file succeed
2022-06-14 21:25:57,691 : INFO--recv file head from 38:00:25:F5:78:81, checking its digital sign
2022-06-14 21:25:57,845 : INFO--recved file head
2022-06-14 21:25:57,845 : INFO--recving file
2022-06-14 21:28:36,693 : INFO--accept connection from 38:00:25:F5:78:81
2022-06-14 21:28:36,917 : INFO--recv file head from 38:00:25:F5:78:81, checking its digital sign
2022-06-14 21:28:37,056 : INFO--recved file head
2022-06-14 21:28:37,057 : INFO--recving file
2022-06-14 21:28:37,081 : INFO--recving file
2022-06-14 21:28:37,107 : INFO--recving file
2022-06-14 21:28:37,109 : INFO--recv file succeed
2022-06-14 21:28:37,163 : INFO--recv file head from 38:00:25:F5:78:81, checking its digital sign
2022-06-14 21:28:37,303 : INFO--recved file head
2022-06-14 21:28:37,303 : INFO--recving file
2022-06-14 21:29:49,848 : INFO--accept connection from 38:00:25:F5:78:81
2022-06-14 21:29:50,088 : INFO--recv file head from 38:00:25:F5:78:81, checking its digital sign
2022-06-14 21:29:50,230 : INFO--recved file head
2022-06-14 21:29:50,230 : INFO--recving file
2022-06-14 21:29:50,272 : INFO--recving file
2022-06-14 21:29:50,275 : INFO--recving file
2022-06-14 21:29:50,295 : INFO--recv file succeed
2022-06-14 21:29:50,321 : INFO--recv file head from 38:00:25:F5:78:81, checking its digital sign
2022-06-14 21:29:50,463 : INFO--recved file head
2022-06-14 21:29:50,463 : INFO--recving file
2022-06-14 21:31:56,984 : INFO--accept connection from 38:00:25:F5:78:81
2022-06-14 21:31:57,193 : INFO--recv file head from 38:00:25:F5:78:81, checking its digital sign
2022-06-14 21:31:57,333 : INFO--recved file head
2022-06-14 21:31:57,333 : INFO--recving file
2022-06-14 21:31:57,362 : INFO--recving file
2022-06-14 21:31:57,364 : INFO--recving file
2022-06-14 21:31:57,367 : INFO--recv file succeed
2022-06-14 21:33:55,911 : INFO--accept connection from 38:00:25:F5:78:81
2022-06-14 21:36:38,512 : INFO--accept connection from 38:00:25:F5:78:81
2022-06-14 21:36:38,740 : INFO--recv file head from 38:00:25:F5:78:81, checking its digital sign
2022-06-14 21:36:38,942 : INFO--recved file head
2022-06-14 21:36:38,943 : INFO--recving file
2022-06-14 21:36:38,972 : INFO--recving file
2022-06-14 21:36:38,975 : INFO--recving file
2022-06-14 21:36:38,977 : INFO--recv file succeed
2022-06-14 21:36:39,010 : INFO--recv file head from 38:00:25:F5:78:81, checking its digital sign
2022-06-14 21:36:39,152 : INFO--recved file head
2022-06-14 21:36:39,152 : INFO--recving file
2022-06-14 21:37:59,384 : INFO--accept connection from 38:00:25:F5:78:81
2022-06-14 21:37:59,616 : INFO--recv file head from 38:00:25:F5:78:81, checking its digital sign
2022-06-14 21:37:59,826 : INFO--recved file head
2022-06-14 21:37:59,826 : INFO--recving file
2022-06-14 21:37:59,854 : INFO--recving file
2022-06-14 21:37:59,857 : INFO--recving file
2022-06-14 21:37:59,859 : INFO--recv file succeed
2022-06-14 21:37:59,888 : INFO--recv file head from 38:00:25:F5:78:81, checking its digital sign
2022-06-14 21:38:00,034 : INFO--recved file head
2022-06-14 21:38:00,034 : INFO--recving file
2022-06-14 21:38:17,774 : INFO--accept connection from 38:00:25:F5:78:81
2022-06-14 21:38:17,983 : INFO--recv file head from 38:00:25:F5:78:81, checking its digital sign
2022-06-14 21:38:18,144 : INFO--recved file head
2022-06-14 21:38:18,145 : INFO--recving file
2022-06-14 21:38:18,182 : INFO--recving file
2022-06-14 21:38:18,185 : INFO--recving file
2022-06-14 21:38:18,187 : INFO--recv file succeed
2022-06-14 21:38:18,225 : INFO--recv file head from 38:00:25:F5:78:81, checking its digital sign
2022-06-14 21:38:18,366 : INFO--recved file head
2022-06-14 21:38:18,367 : INFO--recving file
2022-06-14 21:38:58,182 : INFO--accept connection from 38:00:25:F5:78:81
2022-06-14 21:38:58,390 : INFO--recv file head from 38:00:25:F5:78:81, checking its digital sign
2022-06-14 21:38:58,531 : INFO--recved file head
2022-06-14 21:38:58,531 : INFO--recving file
2022-06-14 21:38:58,568 : INFO--recving file
2022-06-14 21:38:58,571 : INFO--recving file
2022-06-14 21:38:58,577 : INFO--recv file succeed
2022-06-14 21:38:58,606 : INFO--recv file head from 38:00:25:F5:78:81, checking its digital sign
2022-06-14 21:38:58,747 : INFO--recved file head
2022-06-14 21:38:58,747 : INFO--recving file
2022-06-14 21:39:52,688 : INFO--accept connection from 38:00:25:F5:78:81
2022-06-14 21:39:52,913 : INFO--recv file head from 38:00:25:F5:78:81, checking its digital sign
2022-06-14 21:39:53,093 : INFO--recved file head
2022-06-14 21:39:53,093 : INFO--recving file
2022-06-14 21:39:53,103 : INFO--recving file
2022-06-14 21:39:53,106 : INFO--recving file
2022-06-14 21:39:53,108 : INFO--recv file succeed
2022-06-14 21:39:53,147 : INFO--recv file head from 38:00:25:F5:78:81, checking its digital sign
2022-06-14 21:39:53,288 : INFO--recved file head
2022-06-14 21:39:53,289 : INFO--recving file
2022-06-14 21:40:22,334 : INFO--accept connection from 38:00:25:F5:78:81
2022-06-14 21:40:22,546 : INFO--recv file head from 38:00:25:F5:78:81, checking its digital sign
2022-06-14 21:40:22,687 : INFO--recved file head
2022-06-14 21:40:22,688 : INFO--recving file
2022-06-14 21:40:22,722 : INFO--recving file
2022-06-14 21:40:22,728 : INFO--recving file
2022-06-14 21:40:22,731 : INFO--recv file succeed
2022-06-14 21:40:22,758 : INFO--recv file head from 38:00:25:F5:78:81, checking its digital sign
2022-06-14 21:40:22,897 : INFO--recved file head
2022-06-14 21:40:22,898 : INFO--recving file
2022-06-14 21:49:04,566 : INFO--accept connection from 38:00:25:F5:78:81
2022-06-14 21:49:04,789 : INFO--recv file head from 38:00:25:F5:78:81, checking its digital sign
2022-06-14 21:49:04,929 : INFO--recved file head
2022-06-14 21:49:04,930 : INFO--recving file
2022-06-14 21:49:04,955 : INFO--recving file
2022-06-14 21:49:04,957 : INFO--recving file
2022-06-14 21:49:04,960 : INFO--recv file succeed
2022-06-14 21:49:04,994 : INFO--recv file head from 38:00:25:F5:78:81, checking its digital sign
2022-06-14 21:49:05,135 : INFO--recved file head
2022-06-14 21:49:05,136 : INFO--recving file
2022-06-14 21:51:20,674 : INFO--accept connection from 38:00:25:F5:78:81
2022-06-14 21:51:20,886 : INFO--recv file head from 38:00:25:F5:78:81, checking its digital sign
2022-06-14 21:51:21,026 : INFO--recved file head
2022-06-14 21:51:21,027 : INFO--recving file
2022-06-14 21:51:21,057 : INFO--recving file
2022-06-14 21:51:21,060 : INFO--recving file
2022-06-14 21:51:21,062 : INFO--recv file succeed
2022-06-14 21:51:21,186 : INFO--recv file head from 38:00:25:F5:78:81, checking its digital sign
2022-06-14 21:52:44,311 : INFO--accept connection from 38:00:25:F5:78:81
2022-06-14 21:52:44,534 : INFO--recv file head from 38:00:25:F5:78:81, checking its digital sign
2022-06-14 21:52:44,675 : INFO--recved file head
2022-06-14 21:52:44,675 : INFO--recving file
2022-06-14 21:52:44,695 : INFO--recving file
2022-06-14 21:52:44,698 : INFO--recving file
2022-06-14 21:52:44,702 : INFO--recv file succeed
2022-06-14 21:52:44,838 : INFO--recv file head from 38:00:25:F5:78:81, checking its digital sign
2022-06-14 21:52:45,045 : INFO--successfully recv file from 38:00:25:F5:78:81 and already checked its md5. file name is tmpfile/1.txt
2022-06-14 21:58:14,225 : INFO--accept connection from 38:00:25:F5:78:81
2022-06-14 21:58:14,443 : INFO--recv file head from 38:00:25:F5:78:81, checking its digital sign
2022-06-14 21:58:14,638 : INFO--recved file head
2022-06-14 21:58:14,638 : INFO--recving file
2022-06-14 21:58:14,655 : INFO--recving file
2022-06-14 21:58:14,659 : INFO--recving file
2022-06-14 21:58:14,661 : INFO--recv file succeed
2022-06-14 21:58:14,801 : INFO--recv file head from 38:00:25:F5:78:81, checking its digital sign
2022-06-14 21:58:14,944 : INFO--successfully recv file from 38:00:25:F5:78:81 and already checked its md5. file name is tmpfile/1.txt
2022-06-14 21:59:00,110 : INFO--accept connection from 38:00:25:F5:78:81
2022-06-14 21:59:00,325 : INFO--recv file head from 38:00:25:F5:78:81, checking its digital sign
2022-06-14 21:59:00,519 : INFO--recved file head
2022-06-14 21:59:00,519 : INFO--recving file
2022-06-14 21:59:00,540 : INFO--recving file
2022-06-14 21:59:00,544 : INFO--recving file
2022-06-14 21:59:00,546 : INFO--recv file succeed
2022-06-14 21:59:00,675 : INFO--recv file head from 38:00:25:F5:78:81, checking its digital sign
2022-06-14 21:59:00,822 : INFO--successfully recv file from 38:00:25:F5:78:81 and already checked its md5. file name is tmpfile/1.txt
2022-06-14 22:00:14,919 : INFO--accept connection from 38:00:25:F5:78:81
2022-06-14 22:00:15,144 : INFO--recv file head from 38:00:25:F5:78:81, checking its digital sign
2022-06-14 22:00:15,284 : INFO--recved file head
2022-06-14 22:00:15,285 : INFO--recving file
2022-06-14 22:00:15,306 : INFO--recving file
2022-06-14 22:00:15,309 : INFO--recving file
2022-06-14 22:00:15,312 : INFO--recv file succeed
2022-06-14 22:00:15,440 : INFO--recv file head from 38:00:25:F5:78:81, checking its digital sign
2022-06-14 22:00:15,585 : INFO--successfully recv file from 38:00:25:F5:78:81 and already checked its md5. file name is tmpfile/1.txt
